[debug] [2021-05-25T07:53:55.315Z] ----------------------------------------------------------------------
[debug] [2021-05-25T07:53:55.323Z] Command:       C:\Program Files\nodejs\node.exe C:\Users\sadananda.Sadanada-PC\AppData\Roaming\npm\node_modules\firebase-tools\lib\bin\firebase.js init
[debug] [2021-05-25T07:53:55.323Z] CLI Version:   9.11.0
[debug] [2021-05-25T07:53:55.323Z] Platform:      win32
[debug] [2021-05-25T07:53:55.323Z] Node Version:  v12.18.4
[debug] [2021-05-25T07:53:55.323Z] Time:          Tue May 25 2021 13:23:55 GMT+0530 (India Standard Time)
[debug] [2021-05-25T07:53:55.323Z] ----------------------------------------------------------------------
[debug] 
[debug] [2021-05-25T07:53:55.347Z] > command requires scopes: ["email","openid","https://www.googleapis.com/auth/cloudplatformprojects.readonly","https://www.googleapis.com/auth/firebase","https://www.googleapis.com/auth/cloud-platform"]
[debug] [2021-05-25T07:53:55.347Z] > authorizing via signed-in user (vivekshanbog01@gmail.com)
[info] 
     ######## #### ########  ######## ########     ###     ######  ########
     ##        ##  ##     ## ##       ##     ##  ##   ##  ##       ##
     ######    ##  ########  ######   ########  #########  ######  ######
     ##        ##  ##    ##  ##       ##     ## ##     ##       ## ##
     ##       #### ##     ## ######## ########  ##     ##  ######  ########

You're about to initialize a Firebase project in this directory:

  C:\Users\sadananda.Sadanada-PC\pandamic-tracker

Before we get started, keep in mind:

  * You are initializing in an existing Firebase project directory

[info] 
=== Project Setup
[info] 
[info] First, let's associate this project directory with a Firebase project.
[info] You can create multiple project aliases by running firebase use --add, 
[info] but for now we'll just set up a default project.
[info] 
[info] i  .firebaserc already has a default project, using pandamic-tracker. 
[debug] [2021-05-25T07:55:40.093Z] >>> [apiv2][query] GET https://firebase.googleapis.com/v1beta1/projects/pandamic-tracker [none]
[debug] [2021-05-25T07:55:40.870Z] <<< [apiv2][status] GET https://firebase.googleapis.com/v1beta1/projects/pandamic-tracker 403
[debug] [2021-05-25T07:55:40.878Z] <<< [apiv2][body] GET https://firebase.googleapis.com/v1beta1/projects/pandamic-tracker {"error":{"code":403,"message":"The caller does not have permission","status":"PERMISSION_DENIED"}}
[debug] [2021-05-25T07:55:40.878Z] HTTP Error: 403, The caller does not have permission
[debug] [2021-05-25T07:55:41.258Z] FirebaseError: HTTP Error: 403, The caller does not have permission
    at module.exports (C:\Users\sadananda.Sadanada-PC\AppData\Roaming\npm\node_modules\firebase-tools\lib\responseToError.js:38:12)
    at Client.doRequest (C:\Users\sadananda.Sadanada-PC\AppData\Roaming\npm\node_modules\firebase-tools\lib\apiv2.js:238:23)
    at processTicksAndRejections (internal/process/task_queues.js:97:5)
    at async Client.request (C:\Users\sadananda.Sadanada-PC\AppData\Roaming\npm\node_modules\firebase-tools\lib\apiv2.js:96:20)
    at async Object.getFirebaseProject (C:\Users\sadananda.Sadanada-PC\AppData\Roaming\npm\node_modules\firebase-tools\lib\management\projects.js:290:21)
    at async Object.doSetup [as project] (C:\Users\sadananda.Sadanada-PC\AppData\Roaming\npm\node_modules\firebase-tools\lib\init\features\project.js:77:27)
    at async init (C:\Users\sadananda.Sadanada-PC\AppData\Roaming\npm\node_modules\firebase-tools\lib\init\index.js:19:9)
[error] 
[error] Error: Failed to get Firebase project pandamic-tracker. Please make sure the project exists and your account has permission to access it.
